<?xml version="1.0" encoding="UTF-8"?>
<!-- Generated by org.testng.reporters.JUnitReportReporter -->
<testsuite hostname="DESKTOP-DSNGGPE" failures="0" tests="5" name="dataDriven.excelDataProvider.dataProvider" time="0.033" errors="0" timestamp="2021-06-24T22:27:10 IST" skipped="0">
  <testcase classname="dataDriven.excelDataProvider.dataProvider" name="testCaseData" time="0.003"/>
  <system-out/>
  <testcase classname="dataDriven.excelDataProvider.dataProvider" name="testCaseData" time="0.005"/>
  <system-out/>
  <testcase classname="dataDriven.excelDataProvider.dataProvider" name="testCaseData" time="0.003"/>
  <system-out/>
  <testcase classname="dataDriven.excelDataProvider.dataProvider" name="testCaseData" time="0.019"/>
  <system-out/>
  <testcase classname="dataDriven.excelDataProvider.dataProvider" name="testCaseData" time="0.003"/>
  <system-out/>
</testsuite> <!-- dataDriven.excelDataProvider.dataProvider -->
